<?xml version="1.0" encoding="UTF-8"?>
<!-- Generated by org.testng.reporters.JUnitXMLReporter -->
<testsuite ignored="0" hostname="DESKTOP-PH1SPBH" failures="1" tests="5" name="Test" time="51.937" errors="0" timestamp="2022-05-31T23:46:07 IST">
  <testcase classname="com.SuceDemo.TestClasses2.TC03AddToSingleProduct" name="addProductToCart" time="37.821"/>
  <testcase classname="com.SuceDemo.TestClasses2.TC01LoginFunctionality02" name="loginFunctionality" time="0.03"/>
  <testcase classname="com.SuceDemo.TestClasses2.TC05MultipleProductAddToCartFunctionality" name="multipleProductAddToCartFunctionality" time="46.361"/>
  <testcase classname="com.SuceDemo.TestClasses2.TC02LogOutFunctionality" name="logoutFunctionality" time="46.548"/>
  <testcase classname="com.SuceDemo.TestClasses2.TC06VerifyWeAbleToProceedForCheckouts" name="verifyWeAbleToProceedForCheckOuts" time="14.015">
    <failure type="java.io.FileNotFoundException" message="\.screenshots\SauceDemoPoject151-46-22&amp;amp;23-46-06.jpg (The system cannot find the path specified)">
      <![CDATA[java.io.FileNotFoundException: \.screenshots\SauceDemoPoject151-46-22&23-46-06.jpg (The system cannot find the path specified)
at java.base/java.io.FileOutputStream.open0(Native Method)
at java.base/java.io.FileOutputStream.open(FileOutputStream.java:293)
at java.base/java.io.FileOutputStream.<init>(FileOutputStream.java:235)
at java.base/java.io.FileOutputStream.<init>(FileOutputStream.java:184)
at org.openqa.selenium.io.FileHandler.copyFile(FileHandler.java:138)
at org.openqa.selenium.io.FileHandler.copy(FileHandler.java:117)
at com.SuceDemo.UtilityClasses2.ScreenShotClass.screenShot(ScreenShotClass.java:27)
at com.SuceDemo.TestClasses2.TC06VerifyWeAbleToProceedForCheckouts.verifyWeAbleToProceedForCheckOuts(TC06VerifyWeAbleToProceedForCheckouts.java:38)
at java.base/java.util.concurrent.ThreadPoolExecutor.runWorker(ThreadPoolExecutor.java:1136)
at java.base/java.util.concurrent.ThreadPoolExecutor$Worker.run(ThreadPoolExecutor.java:635)
at java.base/java.lang.Thread.run(Thread.java:833)
... Removed 12 stack frames]]>
    </failure>
  </testcase> <!-- verifyWeAbleToProceedForCheckOuts -->
</testsuite> <!-- Test -->
